<?xml version="1.0" encoding="UTF-8"?>
<coverage generated="1608076068930" clover="3.2.0">
  <project timestamp="1608076068930" name="All files">
    <metrics statements="188" coveredstatements="182" conditionals="57" coveredconditionals="54" methods="79" coveredmethods="69" elements="324" coveredelements="305" complexity="0" loc="188" ncloc="188" packages="2" files="16" classes="16"/>
    <package name="scripts">
      <metrics statements="149" coveredstatements="147" conditionals="55" coveredconditionals="52" methods="22" coveredmethods="22"/>
      <file name="cart.js" path="C:\Users\User\Documents\GitHub\labsJS\labsJS\lab5\scripts\cart.js">
        <metrics statements="23" coveredstatements="22" conditionals="8" coveredconditionals="7" methods="4" coveredmethods="4"/>
        <line num="6" count="4" type="cond" truecount="1" falsecount="1"/>
        <line num="7" count="0" type="stmt"/>
        <line num="12" count="4" type="stmt"/>
        <line num="14" count="4" type="stmt"/>
        <line num="19" count="4" type="stmt"/>
        <line num="20" count="4" type="cond" truecount="2" falsecount="0"/>
        <line num="21" count="1" type="stmt"/>
        <line num="23" count="3" type="stmt"/>
        <line num="24" count="3" type="stmt"/>
        <line num="25" count="2" type="stmt"/>
        <line num="27" count="3" type="stmt"/>
        <line num="31" count="2" type="stmt"/>
        <line num="32" count="2" type="cond" truecount="2" falsecount="0"/>
        <line num="33" count="1" type="stmt"/>
        <line num="34" count="1" type="stmt"/>
        <line num="37" count="1" type="stmt"/>
        <line num="39" count="2" type="stmt"/>
        <line num="42" count="2" type="stmt"/>
        <line num="43" count="2" type="cond" truecount="2" falsecount="0"/>
        <line num="44" count="1" type="stmt"/>
        <line num="45" count="1" type="stmt"/>
        <line num="49" count="1" type="stmt"/>
        <line num="51" count="2" type="stmt"/>
      </file>
      <file name="client.js" path="C:\Users\User\Documents\GitHub\labsJS\labsJS\lab5\scripts\client.js">
        <metrics statements="13" coveredstatements="12" conditionals="9" coveredconditionals="7" methods="6" coveredmethods="6"/>
        <line num="2" count="2" type="stmt"/>
        <line num="5" count="9" type="cond" truecount="4" falsecount="1"/>
        <line num="6" count="9" type="stmt"/>
        <line num="7" count="9" type="stmt"/>
        <line num="13" count="8" type="stmt"/>
        <line num="14" count="8" type="stmt"/>
        <line num="15" count="19" type="cond" truecount="2" falsecount="0"/>
        <line num="16" count="6" type="stmt"/>
        <line num="19" count="2" type="stmt"/>
        <line num="24" count="1" type="stmt"/>
        <line num="28" count="1" type="cond" truecount="1" falsecount="1"/>
        <line num="29" count="1" type="stmt"/>
        <line num="31" count="0" type="stmt"/>
      </file>
      <file name="router.js" path="C:\Users\User\Documents\GitHub\labsJS\labsJS\lab5\scripts\router.js">
        <metrics statements="65" coveredstatements="65" conditionals="30" coveredconditionals="30" methods="1" coveredmethods="1"/>
        <line num="4" count="1" type="stmt"/>
        <line num="12" count="18" type="stmt"/>
        <line num="13" count="18" type="cond" truecount="2" falsecount="0"/>
        <line num="14" count="1" type="stmt"/>
        <line num="16" count="18" type="cond" truecount="2" falsecount="0"/>
        <line num="17" count="10" type="cond" truecount="9" falsecount="0"/>
        <line num="19" count="1" type="stmt"/>
        <line num="20" count="1" type="stmt"/>
        <line num="21" count="1" type="stmt"/>
        <line num="23" count="1" type="stmt"/>
        <line num="24" count="1" type="stmt"/>
        <line num="25" count="1" type="stmt"/>
        <line num="27" count="1" type="stmt"/>
        <line num="28" count="1" type="stmt"/>
        <line num="29" count="1" type="stmt"/>
        <line num="31" count="1" type="stmt"/>
        <line num="32" count="1" type="stmt"/>
        <line num="33" count="1" type="stmt"/>
        <line num="35" count="1" type="stmt"/>
        <line num="36" count="1" type="stmt"/>
        <line num="37" count="1" type="stmt"/>
        <line num="39" count="2" type="cond" truecount="4" falsecount="0"/>
        <line num="41" count="1" type="stmt"/>
        <line num="44" count="1" type="stmt"/>
        <line num="45" count="1" type="stmt"/>
        <line num="47" count="2" type="stmt"/>
        <line num="49" count="1" type="stmt"/>
        <line num="50" count="1" type="stmt"/>
        <line num="51" count="1" type="stmt"/>
        <line num="53" count="1" type="stmt"/>
        <line num="54" count="1" type="stmt"/>
        <line num="55" count="1" type="stmt"/>
        <line num="57" count="1" type="stmt"/>
        <line num="58" count="1" type="stmt"/>
        <line num="59" count="1" type="stmt"/>
        <line num="63" count="8" type="stmt"/>
        <line num="64" count="8" type="cond" truecount="2" falsecount="0"/>
        <line num="65" count="6" type="stmt"/>
        <line num="66" count="6" type="cond" truecount="4" falsecount="0"/>
        <line num="67" count="1" type="stmt"/>
        <line num="68" count="1" type="stmt"/>
        <line num="70" count="5" type="stmt"/>
        <line num="71" count="5" type="cond" truecount="5" falsecount="0"/>
        <line num="73" count="1" type="stmt"/>
        <line num="74" count="1" type="stmt"/>
        <line num="75" count="1" type="stmt"/>
        <line num="77" count="1" type="stmt"/>
        <line num="78" count="1" type="stmt"/>
        <line num="79" count="1" type="stmt"/>
        <line num="81" count="1" type="stmt"/>
        <line num="82" count="1" type="stmt"/>
        <line num="83" count="1" type="stmt"/>
        <line num="85" count="1" type="stmt"/>
        <line num="86" count="1" type="stmt"/>
        <line num="87" count="1" type="stmt"/>
        <line num="89" count="1" type="stmt"/>
        <line num="90" count="1" type="stmt"/>
        <line num="91" count="1" type="stmt"/>
        <line num="97" count="2" type="cond" truecount="2" falsecount="0"/>
        <line num="98" count="1" type="stmt"/>
        <line num="99" count="1" type="stmt"/>
        <line num="102" count="1" type="stmt"/>
        <line num="103" count="1" type="stmt"/>
        <line num="104" count="1" type="stmt"/>
        <line num="109" count="18" type="stmt"/>
      </file>
      <file name="spinner.js" path="C:\Users\User\Documents\GitHub\labsJS\labsJS\lab5\scripts\spinner.js">
        <metrics statements="12" coveredstatements="12" conditionals="4" coveredconditionals="4" methods="2" coveredmethods="2"/>
        <line num="4" count="2" type="stmt"/>
        <line num="5" count="2" type="stmt"/>
        <line num="6" count="2" type="stmt"/>
        <line num="7" count="2" type="cond" truecount="2" falsecount="0"/>
        <line num="8" count="1" type="stmt"/>
        <line num="10" count="1" type="stmt"/>
        <line num="14" count="2" type="stmt"/>
        <line num="15" count="2" type="stmt"/>
        <line num="16" count="2" type="stmt"/>
        <line num="17" count="2" type="cond" truecount="2" falsecount="0"/>
        <line num="18" count="1" type="stmt"/>
        <line num="20" count="1" type="stmt"/>
      </file>
      <file name="templateProccesor.js" path="C:\Users\User\Documents\GitHub\labsJS\labsJS\lab5\scripts\templateProccesor.js">
        <metrics statements="3" coveredstatements="3" conditionals="0" coveredconditionals="0" methods="1" coveredmethods="1"/>
        <line num="3" count="1" type="stmt"/>
        <line num="4" count="1" type="stmt"/>
        <line num="5" count="1" type="stmt"/>
      </file>
      <file name="utility.js" path="C:\Users\User\Documents\GitHub\labsJS\labsJS\lab5\scripts\utility.js">
        <metrics statements="33" coveredstatements="33" conditionals="4" coveredconditionals="4" methods="8" coveredmethods="8"/>
        <line num="4" count="2" type="stmt"/>
        <line num="5" count="2" type="stmt"/>
        <line num="8" count="6" type="stmt"/>
        <line num="12" count="4" type="stmt"/>
        <line num="18" count="5" type="stmt"/>
        <line num="20" count="5" type="cond" truecount="2" falsecount="0"/>
        <line num="21" count="4" type="stmt"/>
        <line num="24" count="1" type="stmt"/>
        <line num="26" count="5" type="stmt"/>
        <line num="27" count="5" type="stmt"/>
        <line num="31" count="6" type="stmt"/>
        <line num="32" count="6" type="stmt"/>
        <line num="33" count="6" type="stmt"/>
        <line num="34" count="6" type="stmt"/>
        <line num="35" count="6" type="stmt"/>
        <line num="37" count="6" type="stmt"/>
        <line num="38" count="3" type="stmt"/>
        <line num="40" count="6" type="stmt"/>
        <line num="44" count="2" type="stmt"/>
        <line num="46" count="2" type="stmt"/>
        <line num="48" count="2" type="cond" truecount="2" falsecount="0"/>
        <line num="49" count="1" type="stmt"/>
        <line num="50" count="1" type="stmt"/>
        <line num="53" count="1" type="stmt"/>
        <line num="54" count="1" type="stmt"/>
        <line num="56" count="2" type="stmt"/>
        <line num="57" count="2" type="stmt"/>
        <line num="62" count="1" type="stmt"/>
        <line num="63" count="1" type="stmt"/>
        <line num="64" count="1" type="stmt"/>
        <line num="65" count="1" type="stmt"/>
        <line num="66" count="1" type="stmt"/>
        <line num="67" count="1" type="stmt"/>
      </file>
    </package>
    <package name="scripts.views">
      <metrics statements="39" coveredstatements="35" conditionals="2" coveredconditionals="2" methods="57" coveredmethods="47"/>
      <file name="cartPage.js" path="C:\Users\User\Documents\GitHub\labsJS\labsJS\lab5\scripts\views\cartPage.js">
        <metrics statements="13" coveredstatements="9" conditionals="0" coveredconditionals="0" methods="13" coveredmethods="9"/>
        <line num="3" count="1" type="stmt"/>
        <line num="56" count="5" type="stmt"/>
        <line num="57" count="1" type="stmt"/>
        <line num="58" count="1" type="stmt"/>
        <line num="83" count="5" type="stmt"/>
        <line num="84" count="1" type="stmt"/>
        <line num="85" count="1" type="stmt"/>
        <line num="111" count="5" type="stmt"/>
        <line num="112" count="0" type="stmt"/>
        <line num="113" count="0" type="stmt"/>
        <line num="139" count="5" type="stmt"/>
        <line num="140" count="0" type="stmt"/>
        <line num="141" count="0" type="stmt"/>
      </file>
      <file name="desertsPage.js" path="C:\Users\User\Documents\GitHub\labsJS\labsJS\lab5\scripts\views\desertsPage.js">
        <metrics statements="2" coveredstatements="2" conditionals="0" coveredconditionals="0" methods="2" coveredmethods="2"/>
        <line num="2" count="1" type="stmt"/>
        <line num="10" count="1" type="stmt"/>
      </file>
      <file name="drinksPage.js" path="C:\Users\User\Documents\GitHub\labsJS\labsJS\lab5\scripts\views\drinksPage.js">
        <metrics statements="3" coveredstatements="3" conditionals="0" coveredconditionals="0" methods="5" coveredmethods="5"/>
        <line num="1" count="1" type="stmt"/>
        <line num="10" count="2" type="stmt"/>
        <line num="28" count="2" type="stmt"/>
      </file>
      <file name="indexPage.js" path="C:\Users\User\Documents\GitHub\labsJS\labsJS\lab5\scripts\views\indexPage.js">
        <metrics statements="6" coveredstatements="6" conditionals="0" coveredconditionals="0" methods="16" coveredmethods="10"/>
        <line num="2" count="1" type="stmt"/>
        <line num="9" count="5" type="stmt"/>
        <line num="24" count="5" type="stmt"/>
        <line num="42" count="5" type="stmt"/>
        <line num="59" count="5" type="stmt"/>
        <line num="76" count="5" type="stmt"/>
      </file>
      <file name="pizzasPage.js" path="C:\Users\User\Documents\GitHub\labsJS\labsJS\lab5\scripts\views\pizzasPage.js">
        <metrics statements="5" coveredstatements="5" conditionals="0" coveredconditionals="0" methods="7" coveredmethods="7"/>
        <line num="3" count="1" type="stmt"/>
        <line num="4" count="1" type="stmt"/>
        <line num="11" count="3" type="stmt"/>
        <line num="30" count="3" type="stmt"/>
        <line num="50" count="3" type="stmt"/>
      </file>
      <file name="productPage.js" path="C:\Users\User\Documents\GitHub\labsJS\labsJS\lab5\scripts\views\productPage.js">
        <metrics statements="2" coveredstatements="2" conditionals="2" coveredconditionals="2" methods="3" coveredmethods="3"/>
        <line num="1" count="2" type="stmt"/>
        <line num="31" count="4" type="stmt"/>
      </file>
      <file name="salePage.js" path="C:\Users\User\Documents\GitHub\labsJS\labsJS\lab5\scripts\views\salePage.js">
        <metrics statements="1" coveredstatements="1" conditionals="0" coveredconditionals="0" methods="1" coveredmethods="1"/>
        <line num="2" count="1" type="stmt"/>
      </file>
      <file name="salesPage.js" path="C:\Users\User\Documents\GitHub\labsJS\labsJS\lab5\scripts\views\salesPage.js">
        <metrics statements="2" coveredstatements="2" conditionals="0" coveredconditionals="0" methods="2" coveredmethods="2"/>
        <line num="1" count="1" type="stmt"/>
        <line num="5" count="1" type="stmt"/>
      </file>
      <file name="sidesPage.js" path="C:\Users\User\Documents\GitHub\labsJS\labsJS\lab5\scripts\views\sidesPage.js">
        <metrics statements="4" coveredstatements="4" conditionals="0" coveredconditionals="0" methods="7" coveredmethods="7"/>
        <line num="2" count="1" type="stmt"/>
        <line num="9" count="3" type="stmt"/>
        <line num="28" count="3" type="stmt"/>
        <line num="47" count="3" type="stmt"/>
      </file>
      <file name="statusPage.js" path="C:\Users\User\Documents\GitHub\labsJS\labsJS\lab5\scripts\views\statusPage.js">
        <metrics statements="1" coveredstatements="1" conditionals="0" coveredconditionals="0" methods="1" coveredmethods="1"/>
        <line num="2" count="1" type="stmt"/>
      </file>
    </package>
  </project>
</coverage>
