{"C:\\Users\\User\\Documents\\GitHub\\labsJS\\labsJS\\lab5\\scripts\\cart.js": {"path":"C:\\Users\\User\\Documents\\GitHub\\labsJS\\labsJS\\lab5\\scripts\\cart.js","statementMap":{"0":{"start":{"line":6,"column":4},"end":{"line":13,"column":5}},"1":{"start":{"line":7,"column":8},"end":{"line":10,"column":10}},"2":{"start":{"line":12,"column":8},"end":{"line":12,"column":56}},"3":{"start":{"line":14,"column":4},"end":{"line":14,"column":16}},"4":{"start":{"line":19,"column":21},"end":{"line":19,"column":22}},"5":{"start":{"line":20,"column":8},"end":{"line":22,"column":9}},"6":{"start":{"line":21,"column":12},"end":{"line":21,"column":26}},"7":{"start":{"line":23,"column":25},"end":{"line":23,"column":72}},"8":{"start":{"line":24,"column":8},"end":{"line":26,"column":9}},"9":{"start":{"line":24,"column":21},"end":{"line":24,"column":22}},"10":{"start":{"line":25,"column":12},"end":{"line":25,"column":36}},"11":{"start":{"line":27,"column":8},"end":{"line":27,"column":22}},"12":{"start":{"line":31,"column":19},"end":{"line":31,"column":28}},"13":{"start":{"line":32,"column":8},"end":{"line":38,"column":9}},"14":{"start":{"line":33,"column":12},"end":{"line":33,"column":30}},"15":{"start":{"line":34,"column":12},"end":{"line":34,"column":32}},"16":{"start":{"line":37,"column":12},"end":{"line":37,"column":48}},"17":{"start":{"line":39,"column":8},"end":{"line":39,"column":58}},"18":{"start":{"line":42,"column":19},"end":{"line":42,"column":28}},"19":{"start":{"line":43,"column":8},"end":{"line":50,"column":9}},"20":{"start":{"line":44,"column":12},"end":{"line":44,"column":55}},"21":{"start":{"line":45,"column":12},"end":{"line":45,"column":52}},"22":{"start":{"line":49,"column":12},"end":{"line":49,"column":48}},"23":{"start":{"line":51,"column":8},"end":{"line":51,"column":58}}},"fnMap":{"0":{"name":"getCart","decl":{"start":{"line":4,"column":9},"end":{"line":4,"column":16}},"loc":{"start":{"line":4,"column":19},"end":{"line":15,"column":1}},"line":4},"1":{"name":"(anonymous_1)","decl":{"start":{"line":18,"column":4},"end":{"line":18,"column":5}},"loc":{"start":{"line":18,"column":24},"end":{"line":28,"column":5}},"line":18},"2":{"name":"(anonymous_2)","decl":{"start":{"line":30,"column":4},"end":{"line":30,"column":5}},"loc":{"start":{"line":30,"column":27},"end":{"line":40,"column":5}},"line":30},"3":{"name":"(anonymous_3)","decl":{"start":{"line":41,"column":4},"end":{"line":41,"column":5}},"loc":{"start":{"line":41,"column":32},"end":{"line":52,"column":5}},"line":41}},"branchMap":{"0":{"loc":{"start":{"line":6,"column":4},"end":{"line":13,"column":5}},"type":"if","locations":[{"start":{"line":6,"column":4},"end":{"line":13,"column":5}},{"start":{"line":6,"column":4},"end":{"line":13,"column":5}}],"line":6},"1":{"loc":{"start":{"line":20,"column":8},"end":{"line":22,"column":9}},"type":"if","locations":[{"start":{"line":20,"column":8},"end":{"line":22,"column":9}},{"start":{"line":20,"column":8},"end":{"line":22,"column":9}}],"line":20},"2":{"loc":{"start":{"line":32,"column":8},"end":{"line":38,"column":9}},"type":"if","locations":[{"start":{"line":32,"column":8},"end":{"line":38,"column":9}},{"start":{"line":32,"column":8},"end":{"line":38,"column":9}}],"line":32},"3":{"loc":{"start":{"line":43,"column":8},"end":{"line":50,"column":9}},"type":"if","locations":[{"start":{"line":43,"column":8},"end":{"line":50,"column":9}},{"start":{"line":43,"column":8},"end":{"line":50,"column":9}}],"line":43}},"s":{"0":4,"1":0,"2":4,"3":4,"4":4,"5":4,"6":1,"7":3,"8":3,"9":3,"10":2,"11":3,"12":2,"13":2,"14":1,"15":1,"16":1,"17":2,"18":2,"19":2,"20":1,"21":1,"22":1,"23":2},"f":{"0":4,"1":4,"2":2,"3":2},"b":{"0":[0,4],"1":[1,3],"2":[1,1],"3":[1,1]},"_coverageSchema":"1a1c01bbd47fc00a2c39e90264f33305004495a9","hash":"72ca215eec8f45c001d3cd0f949615e316219f35"}
,"C:\\Users\\User\\Documents\\GitHub\\labsJS\\labsJS\\lab5\\scripts\\spinner.js": {"path":"C:\\Users\\User\\Documents\\GitHub\\labsJS\\labsJS\\lab5\\scripts\\spinner.js","statementMap":{"0":{"start":{"line":4,"column":8},"end":{"line":4,"column":76}},"1":{"start":{"line":5,"column":24},"end":{"line":5,"column":58}},"2":{"start":{"line":6,"column":8},"end":{"line":6,"column":38}},"3":{"start":{"line":7,"column":8},"end":{"line":11,"column":9}},"4":{"start":{"line":8,"column":12},"end":{"line":8,"column":76}},"5":{"start":{"line":10,"column":12},"end":{"line":10,"column":79}},"6":{"start":{"line":14,"column":24},"end":{"line":14,"column":58}},"7":{"start":{"line":15,"column":8},"end":{"line":15,"column":75}},"8":{"start":{"line":16,"column":8},"end":{"line":16,"column":41}},"9":{"start":{"line":17,"column":8},"end":{"line":21,"column":9}},"10":{"start":{"line":18,"column":12},"end":{"line":18,"column":77}},"11":{"start":{"line":20,"column":12},"end":{"line":20,"column":80}}},"fnMap":{"0":{"name":"(anonymous_0)","decl":{"start":{"line":3,"column":4},"end":{"line":3,"column":5}},"loc":{"start":{"line":3,"column":18},"end":{"line":12,"column":5}},"line":3},"1":{"name":"(anonymous_1)","decl":{"start":{"line":13,"column":4},"end":{"line":13,"column":5}},"loc":{"start":{"line":13,"column":18},"end":{"line":22,"column":5}},"line":13}},"branchMap":{"0":{"loc":{"start":{"line":7,"column":8},"end":{"line":11,"column":9}},"type":"if","locations":[{"start":{"line":7,"column":8},"end":{"line":11,"column":9}},{"start":{"line":7,"column":8},"end":{"line":11,"column":9}}],"line":7},"1":{"loc":{"start":{"line":17,"column":8},"end":{"line":21,"column":9}},"type":"if","locations":[{"start":{"line":17,"column":8},"end":{"line":21,"column":9}},{"start":{"line":17,"column":8},"end":{"line":21,"column":9}}],"line":17}},"s":{"0":2,"1":2,"2":2,"3":2,"4":1,"5":1,"6":2,"7":2,"8":2,"9":2,"10":1,"11":1},"f":{"0":2,"1":2},"b":{"0":[1,1],"1":[1,1]},"_coverageSchema":"1a1c01bbd47fc00a2c39e90264f33305004495a9","hash":"039f8254d79c90d1762b7df9fde9c21e6a0d90f2"}
,"C:\\Users\\User\\Documents\\GitHub\\labsJS\\labsJS\\lab5\\scripts\\templateProccesor.js": {"path":"C:\\Users\\User\\Documents\\GitHub\\labsJS\\labsJS\\lab5\\scripts\\templateProccesor.js","statementMap":{"0":{"start":{"line":3,"column":25},"end":{"line":3,"column":65}},"1":{"start":{"line":4,"column":8},"end":{"line":4,"column":34}},"2":{"start":{"line":5,"column":8},"end":{"line":5,"column":29}}},"fnMap":{"0":{"name":"(anonymous_0)","decl":{"start":{"line":2,"column":4},"end":{"line":2,"column":5}},"loc":{"start":{"line":2,"column":17},"end":{"line":6,"column":5}},"line":2}},"branchMap":{},"s":{"0":1,"1":1,"2":1},"f":{"0":1},"b":{},"_coverageSchema":"1a1c01bbd47fc00a2c39e90264f33305004495a9","hash":"37bf637fb59e5f2f4362c56d5c9c6de1b0cffcb5"}
,"C:\\Users\\User\\Documents\\GitHub\\labsJS\\labsJS\\lab5\\scripts\\utility.js": {"path":"C:\\Users\\User\\Documents\\GitHub\\labsJS\\labsJS\\lab5\\scripts\\utility.js","statementMap":{"0":{"start":{"line":4,"column":17},"end":{"line":4,"column":21}},"1":{"start":{"line":5,"column":11},"end":{"line":5,"column":21}},"2":{"start":{"line":8,"column":4},"end":{"line":8,"column":22}},"3":{"start":{"line":12,"column":4},"end":{"line":12,"column":24}},"4":{"start":{"line":18,"column":18},"end":{"line":18,"column":59}},"5":{"start":{"line":20,"column":4},"end":{"line":25,"column":5}},"6":{"start":{"line":21,"column":8},"end":{"line":21,"column":38}},"7":{"start":{"line":24,"column":8},"end":{"line":24,"column":67}},"8":{"start":{"line":26,"column":4},"end":{"line":26,"column":71}},"9":{"start":{"line":27,"column":4},"end":{"line":27,"column":64}},"10":{"start":{"line":31,"column":17},"end":{"line":31,"column":19}},"11":{"start":{"line":32,"column":18},"end":{"line":32,"column":20}},"12":{"start":{"line":33,"column":14},"end":{"line":33,"column":15}},"13":{"start":{"line":34,"column":4},"end":{"line":34,"column":114}},"14":{"start":{"line":34,"column":66},"end":{"line":34,"column":112}},"15":{"start":{"line":35,"column":4},"end":{"line":35,"column":100}},"16":{"start":{"line":35,"column":66},"end":{"line":35,"column":98}},"17":{"start":{"line":37,"column":4},"end":{"line":39,"column":5}},"18":{"start":{"line":37,"column":17},"end":{"line":37,"column":18}},"19":{"start":{"line":38,"column":8},"end":{"line":38,"column":62}},"20":{"start":{"line":40,"column":4},"end":{"line":40,"column":15}},"21":{"start":{"line":44,"column":15},"end":{"line":44,"column":50}},"22":{"start":{"line":46,"column":20},"end":{"line":46,"column":60}},"23":{"start":{"line":48,"column":4},"end":{"line":55,"column":5}},"24":{"start":{"line":49,"column":8},"end":{"line":49,"column":78}},"25":{"start":{"line":50,"column":8},"end":{"line":50,"column":42}},"26":{"start":{"line":53,"column":8},"end":{"line":53,"column":42}},"27":{"start":{"line":54,"column":8},"end":{"line":54,"column":90}},"28":{"start":{"line":56,"column":4},"end":{"line":56,"column":27}},"29":{"start":{"line":57,"column":4},"end":{"line":57,"column":109}},"30":{"start":{"line":62,"column":15},"end":{"line":62,"column":50}},"31":{"start":{"line":63,"column":20},"end":{"line":63,"column":60}},"32":{"start":{"line":64,"column":4},"end":{"line":64,"column":33}},"33":{"start":{"line":65,"column":4},"end":{"line":65,"column":90}},"34":{"start":{"line":66,"column":4},"end":{"line":66,"column":27}},"35":{"start":{"line":67,"column":4},"end":{"line":67,"column":109}}},"fnMap":{"0":{"name":"getStatusShown","decl":{"start":{"line":7,"column":9},"end":{"line":7,"column":23}},"loc":{"start":{"line":7,"column":25},"end":{"line":9,"column":1}},"line":7},"1":{"name":"changeStatus","decl":{"start":{"line":11,"column":9},"end":{"line":11,"column":21}},"loc":{"start":{"line":11,"column":29},"end":{"line":13,"column":1}},"line":11},"2":{"name":"changeAllPrice","decl":{"start":{"line":17,"column":15},"end":{"line":17,"column":29}},"loc":{"start":{"line":17,"column":31},"end":{"line":28,"column":1}},"line":17},"3":{"name":"getSum","decl":{"start":{"line":30,"column":15},"end":{"line":30,"column":21}},"loc":{"start":{"line":30,"column":23},"end":{"line":41,"column":1}},"line":30},"4":{"name":"(anonymous_4)","decl":{"start":{"line":34,"column":55},"end":{"line":34,"column":56}},"loc":{"start":{"line":34,"column":66},"end":{"line":34,"column":112}},"line":34},"5":{"name":"(anonymous_5)","decl":{"start":{"line":35,"column":56},"end":{"line":35,"column":57}},"loc":{"start":{"line":35,"column":66},"end":{"line":35,"column":98}},"line":35},"6":{"name":"minusProduct","decl":{"start":{"line":43,"column":15},"end":{"line":43,"column":27}},"loc":{"start":{"line":43,"column":29},"end":{"line":58,"column":1}},"line":43},"7":{"name":"addProduct","decl":{"start":{"line":60,"column":15},"end":{"line":60,"column":25}},"loc":{"start":{"line":60,"column":28},"end":{"line":69,"column":1}},"line":60}},"branchMap":{"0":{"loc":{"start":{"line":20,"column":4},"end":{"line":25,"column":5}},"type":"if","locations":[{"start":{"line":20,"column":4},"end":{"line":25,"column":5}},{"start":{"line":20,"column":4},"end":{"line":25,"column":5}}],"line":20},"1":{"loc":{"start":{"line":48,"column":4},"end":{"line":55,"column":5}},"type":"if","locations":[{"start":{"line":48,"column":4},"end":{"line":55,"column":5}},{"start":{"line":48,"column":4},"end":{"line":55,"column":5}}],"line":48}},"s":{"0":1,"1":1,"2":2,"3":1,"4":5,"5":5,"6":4,"7":1,"8":5,"9":5,"10":6,"11":6,"12":6,"13":6,"14":3,"15":6,"16":3,"17":6,"18":6,"19":3,"20":6,"21":2,"22":2,"23":2,"24":1,"25":1,"26":1,"27":1,"28":2,"29":2,"30":1,"31":1,"32":1,"33":1,"34":1,"35":1},"f":{"0":2,"1":1,"2":5,"3":6,"4":3,"5":3,"6":2,"7":1},"b":{"0":[4,1],"1":[1,1]},"_coverageSchema":"1a1c01bbd47fc00a2c39e90264f33305004495a9","hash":"f37a9328b5e2546e7423c50d4b8a714f0d653a27"}
,"C:\\Users\\User\\Documents\\GitHub\\labsJS\\labsJS\\lab5\\scripts\\views\\cartPage.js": {"path":"C:\\Users\\User\\Documents\\GitHub\\labsJS\\labsJS\\lab5\\scripts\\views\\cartPage.js","statementMap":{"0":{"start":{"line":3,"column":13},"end":{"line":171,"column":19}},"1":{"start":{"line":3,"column":26},"end":{"line":171,"column":19}},"2":{"start":{"line":56,"column":70},"end":{"line":56,"column":85}},"3":{"start":{"line":57,"column":26},"end":{"line":58,"column":44}},"4":{"start":{"line":58,"column":59},"end":{"line":82,"column":29}},"5":{"start":{"line":83,"column":75},"end":{"line":83,"column":90}},"6":{"start":{"line":84,"column":26},"end":{"line":85,"column":44}},"7":{"start":{"line":85,"column":59},"end":{"line":109,"column":29}},"8":{"start":{"line":111,"column":76},"end":{"line":111,"column":91}},"9":{"start":{"line":112,"column":26},"end":{"line":113,"column":43}},"10":{"start":{"line":113,"column":57},"end":{"line":137,"column":29}},"11":{"start":{"line":139,"column":77},"end":{"line":139,"column":92}},"12":{"start":{"line":140,"column":26},"end":{"line":141,"column":45}},"13":{"start":{"line":141,"column":61},"end":{"line":165,"column":29}}},"fnMap":{"0":{"name":"(anonymous_0)","decl":{"start":{"line":3,"column":13},"end":{"line":3,"column":14}},"loc":{"start":{"line":3,"column":26},"end":{"line":171,"column":19}},"line":3},"1":{"name":"(anonymous_1)","decl":{"start":{"line":56,"column":59},"end":{"line":56,"column":60}},"loc":{"start":{"line":56,"column":70},"end":{"line":56,"column":85}},"line":56},"2":{"name":"(anonymous_2)","decl":{"start":{"line":57,"column":15},"end":{"line":57,"column":16}},"loc":{"start":{"line":57,"column":26},"end":{"line":58,"column":44}},"line":57},"3":{"name":"(anonymous_3)","decl":{"start":{"line":58,"column":50},"end":{"line":58,"column":51}},"loc":{"start":{"line":58,"column":59},"end":{"line":82,"column":29}},"line":58},"4":{"name":"(anonymous_4)","decl":{"start":{"line":83,"column":64},"end":{"line":83,"column":65}},"loc":{"start":{"line":83,"column":75},"end":{"line":83,"column":90}},"line":83},"5":{"name":"(anonymous_5)","decl":{"start":{"line":84,"column":15},"end":{"line":84,"column":16}},"loc":{"start":{"line":84,"column":26},"end":{"line":85,"column":44}},"line":84},"6":{"name":"(anonymous_6)","decl":{"start":{"line":85,"column":50},"end":{"line":85,"column":51}},"loc":{"start":{"line":85,"column":59},"end":{"line":109,"column":29}},"line":85},"7":{"name":"(anonymous_7)","decl":{"start":{"line":111,"column":65},"end":{"line":111,"column":66}},"loc":{"start":{"line":111,"column":76},"end":{"line":111,"column":91}},"line":111},"8":{"name":"(anonymous_8)","decl":{"start":{"line":112,"column":15},"end":{"line":112,"column":16}},"loc":{"start":{"line":112,"column":26},"end":{"line":113,"column":43}},"line":112},"9":{"name":"(anonymous_9)","decl":{"start":{"line":113,"column":49},"end":{"line":113,"column":50}},"loc":{"start":{"line":113,"column":57},"end":{"line":137,"column":29}},"line":113},"10":{"name":"(anonymous_10)","decl":{"start":{"line":139,"column":66},"end":{"line":139,"column":67}},"loc":{"start":{"line":139,"column":77},"end":{"line":139,"column":92}},"line":139},"11":{"name":"(anonymous_11)","decl":{"start":{"line":140,"column":15},"end":{"line":140,"column":16}},"loc":{"start":{"line":140,"column":26},"end":{"line":141,"column":45}},"line":140},"12":{"name":"(anonymous_12)","decl":{"start":{"line":141,"column":51},"end":{"line":141,"column":52}},"loc":{"start":{"line":141,"column":61},"end":{"line":165,"column":29}},"line":141}},"branchMap":{},"s":{"0":1,"1":1,"2":5,"3":1,"4":1,"5":5,"6":1,"7":1,"8":5,"9":0,"10":0,"11":5,"12":0,"13":0},"f":{"0":1,"1":5,"2":1,"3":1,"4":5,"5":1,"6":1,"7":5,"8":0,"9":0,"10":5,"11":0,"12":0},"b":{},"_coverageSchema":"1a1c01bbd47fc00a2c39e90264f33305004495a9","hash":"a6ec310652434144e546dac49513d42b08ce3c54"}
,"C:\\Users\\User\\Documents\\GitHub\\labsJS\\labsJS\\lab5\\scripts\\views\\desertsPage.js": {"path":"C:\\Users\\User\\Documents\\GitHub\\labsJS\\labsJS\\lab5\\scripts\\views\\desertsPage.js","statementMap":{"0":{"start":{"line":2,"column":13},"end":{"line":27,"column":15}},"1":{"start":{"line":2,"column":26},"end":{"line":27,"column":15}},"2":{"start":{"line":10,"column":41},"end":{"line":25,"column":25}}},"fnMap":{"0":{"name":"(anonymous_0)","decl":{"start":{"line":2,"column":13},"end":{"line":2,"column":14}},"loc":{"start":{"line":2,"column":26},"end":{"line":27,"column":15}},"line":2},"1":{"name":"(anonymous_1)","decl":{"start":{"line":10,"column":31},"end":{"line":10,"column":32}},"loc":{"start":{"line":10,"column":41},"end":{"line":25,"column":25}},"line":10}},"branchMap":{},"s":{"0":1,"1":1,"2":1},"f":{"0":1,"1":1},"b":{},"_coverageSchema":"1a1c01bbd47fc00a2c39e90264f33305004495a9","hash":"d632ad082ea39251cf014514bafab5666cc85aab"}
,"C:\\Users\\User\\Documents\\GitHub\\labsJS\\labsJS\\lab5\\scripts\\views\\drinksPage.js": {"path":"C:\\Users\\User\\Documents\\GitHub\\labsJS\\labsJS\\lab5\\scripts\\views\\drinksPage.js","statementMap":{"0":{"start":{"line":1,"column":13},"end":{"line":46,"column":9}},"1":{"start":{"line":1,"column":25},"end":{"line":46,"column":9}},"2":{"start":{"line":10,"column":51},"end":{"line":10,"column":73}},"3":{"start":{"line":10,"column":88},"end":{"line":24,"column":28}},"4":{"start":{"line":28,"column":50},"end":{"line":28,"column":72}},"5":{"start":{"line":28,"column":87},"end":{"line":42,"column":28}}},"fnMap":{"0":{"name":"(anonymous_0)","decl":{"start":{"line":1,"column":13},"end":{"line":1,"column":14}},"loc":{"start":{"line":1,"column":25},"end":{"line":46,"column":9}},"line":1},"1":{"name":"(anonymous_1)","decl":{"start":{"line":10,"column":40},"end":{"line":10,"column":41}},"loc":{"start":{"line":10,"column":51},"end":{"line":10,"column":73}},"line":10},"2":{"name":"(anonymous_2)","decl":{"start":{"line":10,"column":79},"end":{"line":10,"column":80}},"loc":{"start":{"line":10,"column":88},"end":{"line":24,"column":28}},"line":10},"3":{"name":"(anonymous_3)","decl":{"start":{"line":28,"column":39},"end":{"line":28,"column":40}},"loc":{"start":{"line":28,"column":50},"end":{"line":28,"column":72}},"line":28},"4":{"name":"(anonymous_4)","decl":{"start":{"line":28,"column":78},"end":{"line":28,"column":79}},"loc":{"start":{"line":28,"column":87},"end":{"line":42,"column":28}},"line":28}},"branchMap":{},"s":{"0":1,"1":1,"2":2,"3":1,"4":2,"5":1},"f":{"0":1,"1":2,"2":1,"3":2,"4":1},"b":{},"_coverageSchema":"1a1c01bbd47fc00a2c39e90264f33305004495a9","hash":"09cd7ed18ccf7989028f2ad67ad4b71cbb7a4758"}
,"C:\\Users\\User\\Documents\\GitHub\\labsJS\\labsJS\\lab5\\scripts\\views\\indexPage.js": {"path":"C:\\Users\\User\\Documents\\GitHub\\labsJS\\labsJS\\lab5\\scripts\\views\\indexPage.js","statementMap":{"0":{"start":{"line":2,"column":13},"end":{"line":96,"column":1}},"1":{"start":{"line":2,"column":25},"end":{"line":96,"column":1}},"2":{"start":{"line":9,"column":63},"end":{"line":9,"column":78}},"3":{"start":{"line":9,"column":102},"end":{"line":9,"column":127}},"4":{"start":{"line":9,"column":141},"end":{"line":20,"column":25}},"5":{"start":{"line":24,"column":63},"end":{"line":24,"column":78}},"6":{"start":{"line":24,"column":105},"end":{"line":24,"column":134}},"7":{"start":{"line":24,"column":153},"end":{"line":41,"column":25}},"8":{"start":{"line":42,"column":64},"end":{"line":42,"column":79}},"9":{"start":{"line":42,"column":106},"end":{"line":42,"column":135}},"10":{"start":{"line":42,"column":152},"end":{"line":58,"column":25}},"11":{"start":{"line":59,"column":65},"end":{"line":59,"column":80}},"12":{"start":{"line":59,"column":107},"end":{"line":59,"column":136}},"13":{"start":{"line":59,"column":152},"end":{"line":75,"column":39}},"14":{"start":{"line":76,"column":66},"end":{"line":76,"column":81}},"15":{"start":{"line":76,"column":108},"end":{"line":76,"column":137}},"16":{"start":{"line":76,"column":155},"end":{"line":92,"column":25}}},"fnMap":{"0":{"name":"(anonymous_0)","decl":{"start":{"line":2,"column":13},"end":{"line":2,"column":14}},"loc":{"start":{"line":2,"column":25},"end":{"line":96,"column":1}},"line":2},"1":{"name":"(anonymous_1)","decl":{"start":{"line":9,"column":52},"end":{"line":9,"column":53}},"loc":{"start":{"line":9,"column":63},"end":{"line":9,"column":78}},"line":9},"2":{"name":"(anonymous_2)","decl":{"start":{"line":9,"column":94},"end":{"line":9,"column":95}},"loc":{"start":{"line":9,"column":102},"end":{"line":9,"column":127}},"line":9},"3":{"name":"(anonymous_3)","decl":{"start":{"line":9,"column":133},"end":{"line":9,"column":134}},"loc":{"start":{"line":9,"column":141},"end":{"line":20,"column":25}},"line":9},"4":{"name":"(anonymous_4)","decl":{"start":{"line":24,"column":52},"end":{"line":24,"column":53}},"loc":{"start":{"line":24,"column":63},"end":{"line":24,"column":78}},"line":24},"5":{"name":"(anonymous_5)","decl":{"start":{"line":24,"column":93},"end":{"line":24,"column":94}},"loc":{"start":{"line":24,"column":105},"end":{"line":24,"column":134}},"line":24},"6":{"name":"(anonymous_6)","decl":{"start":{"line":24,"column":140},"end":{"line":24,"column":141}},"loc":{"start":{"line":24,"column":153},"end":{"line":41,"column":25}},"line":24},"7":{"name":"(anonymous_7)","decl":{"start":{"line":42,"column":53},"end":{"line":42,"column":54}},"loc":{"start":{"line":42,"column":64},"end":{"line":42,"column":79}},"line":42},"8":{"name":"(anonymous_8)","decl":{"start":{"line":42,"column":94},"end":{"line":42,"column":95}},"loc":{"start":{"line":42,"column":106},"end":{"line":42,"column":135}},"line":42},"9":{"name":"(anonymous_9)","decl":{"start":{"line":42,"column":141},"end":{"line":42,"column":142}},"loc":{"start":{"line":42,"column":152},"end":{"line":58,"column":25}},"line":42},"10":{"name":"(anonymous_10)","decl":{"start":{"line":59,"column":54},"end":{"line":59,"column":55}},"loc":{"start":{"line":59,"column":65},"end":{"line":59,"column":80}},"line":59},"11":{"name":"(anonymous_11)","decl":{"start":{"line":59,"column":95},"end":{"line":59,"column":96}},"loc":{"start":{"line":59,"column":107},"end":{"line":59,"column":136}},"line":59},"12":{"name":"(anonymous_12)","decl":{"start":{"line":59,"column":142},"end":{"line":59,"column":143}},"loc":{"start":{"line":59,"column":152},"end":{"line":75,"column":39}},"line":59},"13":{"name":"(anonymous_13)","decl":{"start":{"line":76,"column":55},"end":{"line":76,"column":56}},"loc":{"start":{"line":76,"column":66},"end":{"line":76,"column":81}},"line":76},"14":{"name":"(anonymous_14)","decl":{"start":{"line":76,"column":96},"end":{"line":76,"column":97}},"loc":{"start":{"line":76,"column":108},"end":{"line":76,"column":137}},"line":76},"15":{"name":"(anonymous_15)","decl":{"start":{"line":76,"column":143},"end":{"line":76,"column":144}},"loc":{"start":{"line":76,"column":155},"end":{"line":92,"column":25}},"line":76}},"branchMap":{},"s":{"0":1,"1":1,"2":5,"3":1,"4":1,"5":5,"6":1,"7":1,"8":5,"9":0,"10":0,"11":5,"12":0,"13":0,"14":5,"15":0,"16":0},"f":{"0":1,"1":5,"2":1,"3":1,"4":5,"5":1,"6":1,"7":5,"8":0,"9":0,"10":5,"11":0,"12":0,"13":5,"14":0,"15":0},"b":{},"_coverageSchema":"1a1c01bbd47fc00a2c39e90264f33305004495a9","hash":"c2fefecd024bea52457b01b743b131b72c5f21e6"}
,"C:\\Users\\User\\Documents\\GitHub\\labsJS\\labsJS\\lab5\\scripts\\views\\pizzasPage.js": {"path":"C:\\Users\\User\\Documents\\GitHub\\labsJS\\labsJS\\lab5\\scripts\\views\\pizzasPage.js","statementMap":{"0":{"start":{"line":3,"column":13},"end":{"line":70,"column":9}},"1":{"start":{"line":4,"column":4},"end":{"line":70,"column":9}},"2":{"start":{"line":11,"column":55},"end":{"line":11,"column":79}},"3":{"start":{"line":11,"column":101},"end":{"line":26,"column":31}},"4":{"start":{"line":30,"column":51},"end":{"line":30,"column":75}},"5":{"start":{"line":30,"column":97},"end":{"line":45,"column":31}},"6":{"start":{"line":50,"column":55},"end":{"line":50,"column":79}},"7":{"start":{"line":50,"column":99},"end":{"line":67,"column":25}}},"fnMap":{"0":{"name":"(anonymous_0)","decl":{"start":{"line":3,"column":13},"end":{"line":3,"column":14}},"loc":{"start":{"line":4,"column":4},"end":{"line":70,"column":9}},"line":4},"1":{"name":"(anonymous_1)","decl":{"start":{"line":11,"column":42},"end":{"line":11,"column":43}},"loc":{"start":{"line":11,"column":55},"end":{"line":11,"column":79}},"line":11},"2":{"name":"(anonymous_2)","decl":{"start":{"line":11,"column":85},"end":{"line":11,"column":86}},"loc":{"start":{"line":11,"column":101},"end":{"line":26,"column":31}},"line":11},"3":{"name":"(anonymous_3)","decl":{"start":{"line":30,"column":38},"end":{"line":30,"column":39}},"loc":{"start":{"line":30,"column":51},"end":{"line":30,"column":75}},"line":30},"4":{"name":"(anonymous_4)","decl":{"start":{"line":30,"column":81},"end":{"line":30,"column":82}},"loc":{"start":{"line":30,"column":97},"end":{"line":45,"column":31}},"line":30},"5":{"name":"(anonymous_5)","decl":{"start":{"line":50,"column":44},"end":{"line":50,"column":45}},"loc":{"start":{"line":50,"column":55},"end":{"line":50,"column":79}},"line":50},"6":{"name":"(anonymous_6)","decl":{"start":{"line":50,"column":85},"end":{"line":50,"column":86}},"loc":{"start":{"line":50,"column":99},"end":{"line":67,"column":25}},"line":50}},"branchMap":{},"s":{"0":1,"1":1,"2":3,"3":1,"4":3,"5":1,"6":3,"7":1},"f":{"0":1,"1":3,"2":1,"3":3,"4":1,"5":3,"6":1},"b":{},"_coverageSchema":"1a1c01bbd47fc00a2c39e90264f33305004495a9","hash":"be7c1dd35bf90cff56c7506f5b32cd90be1bf4fd"}
,"C:\\Users\\User\\Documents\\GitHub\\labsJS\\labsJS\\lab5\\scripts\\views\\productPage.js": {"path":"C:\\Users\\User\\Documents\\GitHub\\labsJS\\labsJS\\lab5\\scripts\\views\\productPage.js","statementMap":{"0":{"start":{"line":1,"column":13},"end":{"line":43,"column":1}},"1":{"start":{"line":1,"column":37},"end":{"line":43,"column":1}},"2":{"start":{"line":31,"column":49},"end":{"line":31,"column":108}},"3":{"start":{"line":31,"column":131},"end":{"line":37,"column":25}}},"fnMap":{"0":{"name":"(anonymous_0)","decl":{"start":{"line":1,"column":13},"end":{"line":1,"column":14}},"loc":{"start":{"line":1,"column":37},"end":{"line":43,"column":1}},"line":1},"1":{"name":"(anonymous_1)","decl":{"start":{"line":31,"column":38},"end":{"line":31,"column":39}},"loc":{"start":{"line":31,"column":49},"end":{"line":31,"column":108}},"line":31},"2":{"name":"(anonymous_2)","decl":{"start":{"line":31,"column":114},"end":{"line":31,"column":115}},"loc":{"start":{"line":31,"column":131},"end":{"line":37,"column":25}},"line":31}},"branchMap":{"0":{"loc":{"start":{"line":17,"column":104},"end":{"line":17,"column":175}},"type":"cond-expr","locations":[{"start":{"line":17,"column":145},"end":{"line":17,"column":148}},{"start":{"line":17,"column":151},"end":{"line":17,"column":175}}],"line":17}},"s":{"0":1,"1":2,"2":4,"3":2},"f":{"0":2,"1":4,"2":2},"b":{"0":[1,1]},"_coverageSchema":"1a1c01bbd47fc00a2c39e90264f33305004495a9","hash":"71b39b38f4a16c27ab8eba8df3f876ecf39f3cd1"}
,"C:\\Users\\User\\Documents\\GitHub\\labsJS\\labsJS\\lab5\\scripts\\views\\salePage.js": {"path":"C:\\Users\\User\\Documents\\GitHub\\labsJS\\labsJS\\lab5\\scripts\\views\\salePage.js","statementMap":{"0":{"start":{"line":2,"column":13},"end":{"line":19,"column":15}},"1":{"start":{"line":2,"column":26},"end":{"line":19,"column":15}}},"fnMap":{"0":{"name":"(anonymous_0)","decl":{"start":{"line":2,"column":13},"end":{"line":2,"column":14}},"loc":{"start":{"line":2,"column":26},"end":{"line":19,"column":15}},"line":2}},"branchMap":{},"s":{"0":1,"1":1},"f":{"0":1},"b":{},"_coverageSchema":"1a1c01bbd47fc00a2c39e90264f33305004495a9","hash":"b3840b66548c993a955afe06b991c872661b07a9"}
,"C:\\Users\\User\\Documents\\GitHub\\labsJS\\labsJS\\lab5\\scripts\\views\\salesPage.js": {"path":"C:\\Users\\User\\Documents\\GitHub\\labsJS\\labsJS\\lab5\\scripts\\views\\salesPage.js","statementMap":{"0":{"start":{"line":1,"column":13},"end":{"line":19,"column":15}},"1":{"start":{"line":1,"column":24},"end":{"line":19,"column":15}},"2":{"start":{"line":5,"column":53},"end":{"line":17,"column":19}}},"fnMap":{"0":{"name":"(anonymous_0)","decl":{"start":{"line":1,"column":13},"end":{"line":1,"column":14}},"loc":{"start":{"line":1,"column":24},"end":{"line":19,"column":15}},"line":1},"1":{"name":"(anonymous_1)","decl":{"start":{"line":5,"column":45},"end":{"line":5,"column":46}},"loc":{"start":{"line":5,"column":53},"end":{"line":17,"column":19}},"line":5}},"branchMap":{},"s":{"0":1,"1":1,"2":1},"f":{"0":1,"1":1},"b":{},"_coverageSchema":"1a1c01bbd47fc00a2c39e90264f33305004495a9","hash":"494e9ee5b01bddfd8dfa60affed0ea1d46dc8540"}
,"C:\\Users\\User\\Documents\\GitHub\\labsJS\\labsJS\\lab5\\scripts\\views\\sidesPage.js": {"path":"C:\\Users\\User\\Documents\\GitHub\\labsJS\\labsJS\\lab5\\scripts\\views\\sidesPage.js","statementMap":{"0":{"start":{"line":2,"column":13},"end":{"line":64,"column":11}},"1":{"start":{"line":2,"column":24},"end":{"line":64,"column":11}},"2":{"start":{"line":9,"column":35},"end":{"line":9,"column":56}},"3":{"start":{"line":9,"column":70},"end":{"line":24,"column":13}},"4":{"start":{"line":28,"column":40},"end":{"line":28,"column":61}},"5":{"start":{"line":28,"column":75},"end":{"line":43,"column":13}},"6":{"start":{"line":47,"column":41},"end":{"line":47,"column":62}},"7":{"start":{"line":47,"column":76},"end":{"line":62,"column":13}}},"fnMap":{"0":{"name":"(anonymous_0)","decl":{"start":{"line":2,"column":13},"end":{"line":2,"column":14}},"loc":{"start":{"line":2,"column":24},"end":{"line":64,"column":11}},"line":2},"1":{"name":"(anonymous_1)","decl":{"start":{"line":9,"column":27},"end":{"line":9,"column":28}},"loc":{"start":{"line":9,"column":35},"end":{"line":9,"column":56}},"line":9},"2":{"name":"(anonymous_2)","decl":{"start":{"line":9,"column":62},"end":{"line":9,"column":63}},"loc":{"start":{"line":9,"column":70},"end":{"line":24,"column":13}},"line":9},"3":{"name":"(anonymous_3)","decl":{"start":{"line":28,"column":32},"end":{"line":28,"column":33}},"loc":{"start":{"line":28,"column":40},"end":{"line":28,"column":61}},"line":28},"4":{"name":"(anonymous_4)","decl":{"start":{"line":28,"column":67},"end":{"line":28,"column":68}},"loc":{"start":{"line":28,"column":75},"end":{"line":43,"column":13}},"line":28},"5":{"name":"(anonymous_5)","decl":{"start":{"line":47,"column":33},"end":{"line":47,"column":34}},"loc":{"start":{"line":47,"column":41},"end":{"line":47,"column":62}},"line":47},"6":{"name":"(anonymous_6)","decl":{"start":{"line":47,"column":68},"end":{"line":47,"column":69}},"loc":{"start":{"line":47,"column":76},"end":{"line":62,"column":13}},"line":47}},"branchMap":{},"s":{"0":1,"1":1,"2":3,"3":1,"4":3,"5":1,"6":3,"7":1},"f":{"0":1,"1":3,"2":1,"3":3,"4":1,"5":3,"6":1},"b":{},"_coverageSchema":"1a1c01bbd47fc00a2c39e90264f33305004495a9","hash":"4d8639028697d16dc015a2ab1c1f92ab09b4ac40"}
,"C:\\Users\\User\\Documents\\GitHub\\labsJS\\labsJS\\lab5\\scripts\\views\\statusPage.js": {"path":"C:\\Users\\User\\Documents\\GitHub\\labsJS\\labsJS\\lab5\\scripts\\views\\statusPage.js","statementMap":{"0":{"start":{"line":2,"column":13},"end":{"line":18,"column":15}},"1":{"start":{"line":2,"column":19},"end":{"line":18,"column":15}}},"fnMap":{"0":{"name":"(anonymous_0)","decl":{"start":{"line":2,"column":13},"end":{"line":2,"column":14}},"loc":{"start":{"line":2,"column":19},"end":{"line":18,"column":15}},"line":2}},"branchMap":{},"s":{"0":1,"1":1},"f":{"0":1},"b":{},"_coverageSchema":"1a1c01bbd47fc00a2c39e90264f33305004495a9","hash":"0cc301c4a578854956544d1060b8429abf988a7d"}
}
