TN:
SF:scripts\cart.js
FN:4,getCart
FN:18,(anonymous_1)
FN:30,(anonymous_2)
FN:41,(anonymous_3)
FNF:4
FNH:4
FNDA:4,getCart
FNDA:4,(anonymous_1)
FNDA:2,(anonymous_2)
FNDA:2,(anonymous_3)
DA:6,4
DA:7,0
DA:12,4
DA:14,4
DA:19,4
DA:20,4
DA:21,1
DA:23,3
DA:24,3
DA:25,2
DA:27,3
DA:31,2
DA:32,2
DA:33,1
DA:34,1
DA:37,1
DA:39,2
DA:42,2
DA:43,2
DA:44,1
DA:45,1
DA:49,1
DA:51,2
LF:23
LH:22
BRDA:6,0,0,0
BRDA:6,0,1,4
BRDA:20,1,0,1
BRDA:20,1,1,3
BRDA:32,2,0,1
BRDA:32,2,1,1
BRDA:43,3,0,1
BRDA:43,3,1,1
BRF:8
BRH:7
end_of_record
TN:
SF:scripts\client.js
FN:4,(anonymous_0)
FN:6,(anonymous_1)
FN:11,(anonymous_2)
FN:13,(anonymous_3)
FN:22,(anonymous_4)
FN:27,(anonymous_5)
FNF:6
FNH:6
FNDA:9,(anonymous_0)
FNDA:9,(anonymous_1)
FNDA:8,(anonymous_2)
FNDA:8,(anonymous_3)
FNDA:1,(anonymous_4)
FNDA:1,(anonymous_5)
DA:2,2
DA:5,9
DA:6,9
DA:7,9
DA:13,8
DA:14,8
DA:15,19
DA:16,6
DA:19,2
DA:24,1
DA:28,1
DA:29,1
DA:31,0
LF:13
LH:12
BRDA:5,0,0,9
BRDA:5,0,1,0
BRDA:5,1,0,9
BRDA:5,1,1,9
BRDA:5,1,2,9
BRDA:15,2,0,6
BRDA:15,2,1,13
BRDA:28,3,0,1
BRDA:28,3,1,0
BRF:9
BRH:7
end_of_record
TN:
SF:scripts\router.js
FN:8,(anonymous_0)
FNF:1
FNH:1
FNDA:18,(anonymous_0)
DA:4,1
DA:12,18
DA:13,18
DA:14,1
DA:16,18
DA:17,10
DA:19,1
DA:20,1
DA:21,1
DA:23,1
DA:24,1
DA:25,1
DA:27,1
DA:28,1
DA:29,1
DA:31,1
DA:32,1
DA:33,1
DA:35,1
DA:36,1
DA:37,1
DA:39,2
DA:41,1
DA:44,1
DA:45,1
DA:47,2
DA:49,1
DA:50,1
DA:51,1
DA:53,1
DA:54,1
DA:55,1
DA:57,1
DA:58,1
DA:59,1
DA:63,8
DA:64,8
DA:65,6
DA:66,6
DA:67,1
DA:68,1
DA:70,5
DA:71,5
DA:73,1
DA:74,1
DA:75,1
DA:77,1
DA:78,1
DA:79,1
DA:81,1
DA:82,1
DA:83,1
DA:85,1
DA:86,1
DA:87,1
DA:89,1
DA:90,1
DA:91,1
DA:97,2
DA:98,1
DA:99,1
DA:102,1
DA:103,1
DA:104,1
DA:109,18
LF:65
LH:65
BRDA:13,0,0,1
BRDA:13,0,1,17
BRDA:16,1,0,10
BRDA:16,1,1,8
BRDA:17,2,0,1
BRDA:17,2,1,1
BRDA:17,2,2,1
BRDA:17,2,3,1
BRDA:17,2,4,1
BRDA:17,2,5,2
BRDA:17,2,6,1
BRDA:17,2,7,1
BRDA:17,2,8,1
BRDA:39,3,0,1
BRDA:39,3,1,1
BRDA:39,4,0,2
BRDA:39,4,1,1
BRDA:64,5,0,6
BRDA:64,5,1,2
BRDA:66,6,0,1
BRDA:66,6,1,5
BRDA:66,7,0,6
BRDA:66,7,1,5
BRDA:71,8,0,1
BRDA:71,8,1,1
BRDA:71,8,2,1
BRDA:71,8,3,1
BRDA:71,8,4,1
BRDA:97,9,0,1
BRDA:97,9,1,1
BRF:30
BRH:30
end_of_record
TN:
SF:scripts\spinner.js
FN:3,(anonymous_0)
FN:13,(anonymous_1)
FNF:2
FNH:2
FNDA:2,(anonymous_0)
FNDA:2,(anonymous_1)
DA:4,2
DA:5,2
DA:6,2
DA:7,2
DA:8,1
DA:10,1
DA:14,2
DA:15,2
DA:16,2
DA:17,2
DA:18,1
DA:20,1
LF:12
LH:12
BRDA:7,0,0,1
BRDA:7,0,1,1
BRDA:17,1,0,1
BRDA:17,1,1,1
BRF:4
BRH:4
end_of_record
TN:
SF:scripts\templateProccesor.js
FN:2,(anonymous_0)
FNF:1
FNH:1
FNDA:1,(anonymous_0)
DA:3,1
DA:4,1
DA:5,1
LF:3
LH:3
BRF:0
BRH:0
end_of_record
TN:
SF:scripts\utility.js
FN:7,getStatusShown
FN:11,changeStatus
FN:17,changeAllPrice
FN:30,getSum
FN:34,(anonymous_4)
FN:35,(anonymous_5)
FN:43,minusProduct
FN:60,addProduct
FNF:8
FNH:8
FNDA:6,getStatusShown
FNDA:4,changeStatus
FNDA:5,changeAllPrice
FNDA:6,getSum
FNDA:3,(anonymous_4)
FNDA:3,(anonymous_5)
FNDA:2,minusProduct
FNDA:1,addProduct
DA:4,2
DA:5,2
DA:8,6
DA:12,4
DA:18,5
DA:20,5
DA:21,4
DA:24,1
DA:26,5
DA:27,5
DA:31,6
DA:32,6
DA:33,6
DA:34,6
DA:35,6
DA:37,6
DA:38,3
DA:40,6
DA:44,2
DA:46,2
DA:48,2
DA:49,1
DA:50,1
DA:53,1
DA:54,1
DA:56,2
DA:57,2
DA:62,1
DA:63,1
DA:64,1
DA:65,1
DA:66,1
DA:67,1
LF:33
LH:33
BRDA:20,0,0,4
BRDA:20,0,1,1
BRDA:48,1,0,1
BRDA:48,1,1,1
BRF:4
BRH:4
end_of_record
TN:
SF:scripts\views\cartPage.js
FN:3,(anonymous_0)
FN:56,(anonymous_1)
FN:57,(anonymous_2)
FN:58,(anonymous_3)
FN:83,(anonymous_4)
FN:84,(anonymous_5)
FN:85,(anonymous_6)
FN:111,(anonymous_7)
FN:112,(anonymous_8)
FN:113,(anonymous_9)
FN:139,(anonymous_10)
FN:140,(anonymous_11)
FN:141,(anonymous_12)
FNF:13
FNH:9
FNDA:1,(anonymous_0)
FNDA:5,(anonymous_1)
FNDA:1,(anonymous_2)
FNDA:1,(anonymous_3)
FNDA:5,(anonymous_4)
FNDA:1,(anonymous_5)
FNDA:1,(anonymous_6)
FNDA:5,(anonymous_7)
FNDA:0,(anonymous_8)
FNDA:0,(anonymous_9)
FNDA:5,(anonymous_10)
FNDA:0,(anonymous_11)
FNDA:0,(anonymous_12)
DA:3,1
DA:56,5
DA:57,1
DA:58,1
DA:83,5
DA:84,1
DA:85,1
DA:111,5
DA:112,0
DA:113,0
DA:139,5
DA:140,0
DA:141,0
LF:13
LH:9
BRF:0
BRH:0
end_of_record
TN:
SF:scripts\views\desertsPage.js
FN:2,(anonymous_0)
FN:10,(anonymous_1)
FNF:2
FNH:2
FNDA:1,(anonymous_0)
FNDA:1,(anonymous_1)
DA:2,1
DA:10,1
LF:2
LH:2
BRF:0
BRH:0
end_of_record
TN:
SF:scripts\views\drinksPage.js
FN:1,(anonymous_0)
FN:10,(anonymous_1)
FN:10,(anonymous_2)
FN:28,(anonymous_3)
FN:28,(anonymous_4)
FNF:5
FNH:5
FNDA:1,(anonymous_0)
FNDA:2,(anonymous_1)
FNDA:1,(anonymous_2)
FNDA:2,(anonymous_3)
FNDA:1,(anonymous_4)
DA:1,1
DA:10,2
DA:28,2
LF:3
LH:3
BRF:0
BRH:0
end_of_record
TN:
SF:scripts\views\indexPage.js
FN:2,(anonymous_0)
FN:9,(anonymous_1)
FN:9,(anonymous_2)
FN:9,(anonymous_3)
FN:24,(anonymous_4)
FN:24,(anonymous_5)
FN:24,(anonymous_6)
FN:42,(anonymous_7)
FN:42,(anonymous_8)
FN:42,(anonymous_9)
FN:59,(anonymous_10)
FN:59,(anonymous_11)
FN:59,(anonymous_12)
FN:76,(anonymous_13)
FN:76,(anonymous_14)
FN:76,(anonymous_15)
FNF:16
FNH:10
FNDA:1,(anonymous_0)
FNDA:5,(anonymous_1)
FNDA:1,(anonymous_2)
FNDA:1,(anonymous_3)
FNDA:5,(anonymous_4)
FNDA:1,(anonymous_5)
FNDA:1,(anonymous_6)
FNDA:5,(anonymous_7)
FNDA:0,(anonymous_8)
FNDA:0,(anonymous_9)
FNDA:5,(anonymous_10)
FNDA:0,(anonymous_11)
FNDA:0,(anonymous_12)
FNDA:5,(anonymous_13)
FNDA:0,(anonymous_14)
FNDA:0,(anonymous_15)
DA:2,1
DA:9,5
DA:24,5
DA:42,5
DA:59,5
DA:76,5
LF:6
LH:6
BRF:0
BRH:0
end_of_record
TN:
SF:scripts\views\pizzasPage.js
FN:3,(anonymous_0)
FN:11,(anonymous_1)
FN:11,(anonymous_2)
FN:30,(anonymous_3)
FN:30,(anonymous_4)
FN:50,(anonymous_5)
FN:50,(anonymous_6)
FNF:7
FNH:7
FNDA:1,(anonymous_0)
FNDA:3,(anonymous_1)
FNDA:1,(anonymous_2)
FNDA:3,(anonymous_3)
FNDA:1,(anonymous_4)
FNDA:3,(anonymous_5)
FNDA:1,(anonymous_6)
DA:3,1
DA:4,1
DA:11,3
DA:30,3
DA:50,3
LF:5
LH:5
BRF:0
BRH:0
end_of_record
TN:
SF:scripts\views\productPage.js
FN:1,(anonymous_0)
FN:31,(anonymous_1)
FN:31,(anonymous_2)
FNF:3
FNH:3
FNDA:2,(anonymous_0)
FNDA:4,(anonymous_1)
FNDA:2,(anonymous_2)
DA:1,2
DA:31,4
LF:2
LH:2
BRDA:17,0,0,1
BRDA:17,0,1,1
BRF:2
BRH:2
end_of_record
TN:
SF:scripts\views\salePage.js
FN:2,(anonymous_0)
FNF:1
FNH:1
FNDA:1,(anonymous_0)
DA:2,1
LF:1
LH:1
BRF:0
BRH:0
end_of_record
TN:
SF:scripts\views\salesPage.js
FN:1,(anonymous_0)
FN:5,(anonymous_1)
FNF:2
FNH:2
FNDA:1,(anonymous_0)
FNDA:1,(anonymous_1)
DA:1,1
DA:5,1
LF:2
LH:2
BRF:0
BRH:0
end_of_record
TN:
SF:scripts\views\sidesPage.js
FN:2,(anonymous_0)
FN:9,(anonymous_1)
FN:9,(anonymous_2)
FN:28,(anonymous_3)
FN:28,(anonymous_4)
FN:47,(anonymous_5)
FN:47,(anonymous_6)
FNF:7
FNH:7
FNDA:1,(anonymous_0)
FNDA:3,(anonymous_1)
FNDA:1,(anonymous_2)
FNDA:3,(anonymous_3)
FNDA:1,(anonymous_4)
FNDA:3,(anonymous_5)
FNDA:1,(anonymous_6)
DA:2,1
DA:9,3
DA:28,3
DA:47,3
LF:4
LH:4
BRF:0
BRH:0
end_of_record
TN:
SF:scripts\views\statusPage.js
FN:2,(anonymous_0)
FNF:1
FNH:1
FNDA:1,(anonymous_0)
DA:2,1
LF:1
LH:1
BRF:0
BRH:0
end_of_record
